[2024-04-29 21:35:23] local.ERROR: Call to undefined function shell_exec() {"userId":1,"exception":"[object] (Error(code: 0): Call to undefined function shell_exec() at /home/altiabusinesspar/prueba.altiabusinesspark.com/app/Exports/ExportTemplate.php:194)
[stacktrace]
#0 /home/altiabusinesspar/prueba.altiabusinesspark.com/vendor/maatwebsite/excel/src/HasEventBus.php(51): App\\Exports\\ColumnHeadersSheet->App\\Exports\\{closure}(Object(Maatwebsite\\Excel\\Events\\AfterSheet))
#1 /home/altiabusinesspar/prueba.altiabusinesspark.com/vendor/maatwebsite/excel/src/Sheet.php(434): Maatwebsite\\Excel\\Sheet->raise(Object(Maatwebsite\\Excel\\Events\\AfterSheet))
#2 /home/altiabusinesspar/prueba.altiabusinesspark.com/vendor/maatwebsite/excel/src/Sheet.php(232): Maatwebsite\\Excel\\Sheet->close(Object(App\\Exports\\ColumnHeadersSheet))
#3 /home/altiabusinesspar/prueba.altiabusinesspark.com/vendor/maatwebsite/excel/src/Writer.php(72): Maatwebsite\\Excel\\Sheet->export(Object(App\\Exports\\ColumnHeadersSheet))
#4 /home/altiabusinesspar/prueba.altiabusinesspark.com/vendor/maatwebsite/excel/src/Excel.php(203): Maatwebsite\\Excel\\Writer->export(Object(App\\Exports\\ExportTemplate), 'Xlsx')
#5 /home/altiabusinesspar/prueba.altiabusinesspark.com/vendor/maatwebsite/excel/src/Excel.php(90): Maatwebsite\\Excel\\Excel->export(Object(App\\Exports\\ExportTemplate), 'plantilla_ingre...', 'Xlsx')
#6 /home/altiabusinesspar/prueba.altiabusinesspark.com/vendor/laravel/framework/src/Illuminate/Support/Facades/Facade.php(355): Maatwebsite\\Excel\\Excel->download(Object(App\\Exports\\ExportTemplate), 'plantilla_ingre...')
#7 /home/altiabusinesspar/prueba.altiabusinesspark.com/routes/web.php(100): Illuminate\\Support\\Facades\\Facade::__callStatic('download', Array)
#8 /home/altiabusinesspar/prueba.altiabusinesspark.com/vendor/laravel/framework/src/Illuminate/Routing/CallableDispatcher.php(40): Illuminate\\Routing\\RouteFileRegistrar->{closure}()
#9 /home/altiabusinesspar/prueba.altiabusinesspark.com/vendor/laravel/framework/src/Illuminate/Routing/Route.php(237): Illuminate\\Routing\\CallableDispatcher->dispatch(Object(Illuminate\\Routing\\Route), Object(Closure))
#10 /home/altiabusinesspar/prueba.altiabusinesspark.com/vendor/laravel/framework/src/Illuminate/Routing/Route.php(208): Illuminate\\Routing\\Route->runCallable()
#11 /home/altiabusinesspar/prueba.altiabusinesspark.com/vendor/laravel/framework/src/Illuminate/Routing/Router.php(806): Illuminate\\Routing\\Route->run()
#12 /home/altiabusinesspar/prueba.altiabusinesspark.com/vendor/laravel/framework/src/Illuminate/Pipeline/Pipeline.php(144): Illuminate\\Routing\\Router->Illuminate\\Routing\\{closure}(Object(Illuminate\\Http\\Request))
#13 /home/altiabusinesspar/prueba.altiabusinesspark.com/app/Http/Middleware/VerificarPerfil.php(23): Illuminate\\Pipeline\\Pipeline->Illuminate\\Pipeline\\{closure}(Object(Illuminate\\Http\\Request))
#14 /home/altiabusinesspar/prueba.altiabusinesspark.com/vendor/laravel/framework/src/Illuminate/Pipeline/Pipeline.php(183): App\\Http\\Middleware\\VerificarPerfil->handle(Object(Illuminate\\Http\\Request), Object(Closure))
#15 /home/altiabusinesspar/prueba.altiabusinesspark.com/app/Http/Middleware/CheckSessionExpiration.php(31): Illuminate\\Pipeline\\Pipeline->Illuminate\\Pipeline\\{closure}(Object(Illuminate\\Http\\Request))
#16 /home/altiabusinesspar/prueba.altiabusinesspark.com/vendor/laravel/framework/src/Illuminate/Pipeline/Pipeline.php(183): App\\Http\\Middleware\\CheckSessionExpiration->handle(Object(Illuminate\\Http\\Request), Object(Closure))
#17 /home/altiabusinesspar/prueba.altiabusinesspark.com/vendor/laravel/framework/src/Illuminate/Routing/Middleware/SubstituteBindings.php(50): Illuminate\\Pipeline\\Pipeline->Illuminate\\Pipeline\\{closure}(Object(Illuminate\\Http\\Request))
#18 /home/altiabusinesspar/prueba.altiabusinesspark.com/vendor/laravel/framework/src/Illuminate/Pipeline/Pipeline.php(183): Illuminate\\Routing\\Middleware\\SubstituteBindings->handle(Object(Illuminate\\Http\\Request), Object(Closure))
#19 /home/altiabusinesspar/prueba.altiabusinesspark.com/app/Http/Middleware/Authenticate.php(25): Illuminate\\Pipeline\\Pipeline->Illuminate\\Pipeline\\{closure}(Object(Illuminate\\Http\\Request))
#20 /home/altiabusinesspar/prueba.altiabusinesspark.com/vendor/laravel/framework/src/Illuminate/Pipeline/Pipeline.php(183): App\\Http\\Middleware\\Authenticate->handle(Object(Illuminate\\Http\\Request), Object(Closure))
#21 /home/altiabusinesspar/prueba.altiabusinesspark.com/vendor/laravel/framework/src/Illuminate/Foundation/Http/Middleware/VerifyCsrfToken.php(78): Illuminate\\Pipeline\\Pipeline->Illuminate\\Pipeline\\{closure}(Object(Illuminate\\Http\\Request))
#22 /home/altiabusinesspar/prueba.altiabusinesspark.com/vendor/laravel/framework/src/Illuminate/Pipeline/Pipeline.php(183): Illuminate\\Foundation\\Http\\Middleware\\VerifyCsrfToken->handle(Object(Illuminate\\Http\\Request), Object(Closure))
#23 /home/altiabusinesspar/prueba.altiabusinesspark.com/vendor/laravel/framework/src/Illuminate/View/Middleware/ShareErrorsFromSession.php(49): Illuminate\\Pipeline\\Pipeline->Illuminate\\Pipeline\\{closure}(Object(Illuminate\\Http\\Request))
#24 /home/altiabusinesspar/prueba.altiabusinesspark.com/vendor/laravel/framework/src/Illuminate/Pipeline/Pipeline.php(183): Illuminate\\View\\Middleware\\ShareErrorsFromSession->handle(Object(Illuminate\\Http\\Request), Object(Closure))
#25 /home/altiabusinesspar/prueba.altiabusinesspark.com/vendor/laravel/framework/src/Illuminate/Session/Middleware/StartSession.php(121): Illuminate\\Pipeline\\Pipeline->Illuminate\\Pipeline\\{closure}(Object(Illuminate\\Http\\Request))
#26 /home/altiabusinesspar/prueba.altiabusinesspark.com/vendor/laravel/framework/src/Illuminate/Session/Middleware/StartSession.php(64): Illuminate\\Session\\Middleware\\StartSession->handleStatefulRequest(Object(Illuminate\\Http\\Request), Object(Illuminate\\Session\\Store), Object(Closure))
#27 /home/altiabusinesspar/prueba.altiabusinesspark.com/vendor/laravel/framework/src/Illuminate/Pipeline/Pipeline.php(183): Illuminate\\Session\\Middleware\\StartSession->handle(Object(Illuminate\\Http\\Request), Object(Closure))
#28 /home/altiabusinesspar/prueba.altiabusinesspark.com/vendor/laravel/framework/src/Illuminate/Cookie/Middleware/AddQueuedCookiesToResponse.php(37): Illuminate\\Pipeline\\Pipeline->Illuminate\\Pipeline\\{closure}(Object(Illuminate\\Http\\Request))
#29 /home/altiabusinesspar/prueba.altiabusinesspark.com/vendor/laravel/framework/src/Illuminate/Pipeline/Pipeline.php(183): Illuminate\\Cookie\\Middleware\\AddQueuedCookiesToResponse->handle(Object(Illuminate\\Http\\Request), Object(Closure))
#30 /home/altiabusinesspar/prueba.altiabusinesspark.com/vendor/laravel/framework/src/Illuminate/Cookie/Middleware/EncryptCookies.php(67): Illuminate\\Pipeline\\Pipeline->Illuminate\\Pipeline\\{closure}(Object(Illuminate\\Http\\Request))
#31 /home/altiabusinesspar/prueba.altiabusinesspark.com/vendor/laravel/framework/src/Illuminate/Pipeline/Pipeline.php(183): Illuminate\\Cookie\\Middleware\\EncryptCookies->handle(Object(Illuminate\\Http\\Request), Object(Closure))
#32 /home/altiabusinesspar/prueba.altiabusinesspark.com/vendor/laravel/framework/src/Illuminate/Pipeline/Pipeline.php(119): Illuminate\\Pipeline\\Pipeline->Illuminate\\Pipeline\\{closure}(Object(Illuminate\\Http\\Request))
#33 /home/altiabusinesspar/prueba.altiabusinesspark.com/vendor/laravel/framework/src/Illuminate/Routing/Router.php(805): Illuminate\\Pipeline\\Pipeline->then(Object(Closure))
#34 /home/altiabusinesspar/prueba.altiabusinesspark.com/vendor/laravel/framework/src/Illuminate/Routing/Router.php(784): Illuminate\\Routing\\Router->runRouteWithinStack(Object(Illuminate\\Routing\\Route), Object(Illuminate\\Http\\Request))
#35 /home/altiabusinesspar/prueba.altiabusinesspark.com/vendor/laravel/framework/src/Illuminate/Routing/Router.php(748): Illuminate\\Routing\\Router->runRoute(Object(Illuminate\\Http\\Request), Object(Illuminate\\Routing\\Route))
#36 /home/altiabusinesspar/prueba.altiabusinesspark.com/vendor/laravel/framework/src/Illuminate/Routing/Router.php(737): Illuminate\\Routing\\Router->dispatchToRoute(Object(Illuminate\\Http\\Request))
#37 /home/altiabusinesspar/prueba.altiabusinesspark.com/vendor/laravel/framework/src/Illuminate/Foundation/Http/Kernel.php(200): Illuminate\\Routing\\Router->dispatch(Object(Illuminate\\Http\\Request))
#38 /home/altiabusinesspar/prueba.altiabusinesspark.com/vendor/laravel/framework/src/Illuminate/Pipeline/Pipeline.php(144): Illuminate\\Foundation\\Http\\Kernel->Illuminate\\Foundation\\Http\\{closure}(Object(Illuminate\\Http\\Request))
#39 /home/altiabusinesspar/prueba.altiabusinesspark.com/vendor/laravel/framework/src/Illuminate/Foundation/Http/Middleware/TransformsRequest.php(21): Illuminate\\Pipeline\\Pipeline->Illuminate\\Pipeline\\{closure}(Object(Illuminate\\Http\\Request))
#40 /home/altiabusinesspar/prueba.altiabusinesspark.com/vendor/laravel/framework/src/Illuminate/Foundation/Http/Middleware/ConvertEmptyStringsToNull.php(31): Illuminate\\Foundation\\Http\\Middleware\\TransformsRequest->handle(Object(Illuminate\\Http\\Request), Object(Closure))
#41 /home/altiabusinesspar/prueba.altiabusinesspark.com/vendor/laravel/framework/src/Illuminate/Pipeline/Pipeline.php(183): Illuminate\\Foundation\\Http\\Middleware\\ConvertEmptyStringsToNull->handle(Object(Illuminate\\Http\\Request), Object(Closure))
#42 /home/altiabusinesspar/prueba.altiabusinesspark.com/vendor/laravel/framework/src/Illuminate/Foundation/Http/Middleware/TransformsRequest.php(21): Illuminate\\Pipeline\\Pipeline->Illuminate\\Pipeline\\{closure}(Object(Illuminate\\Http\\Request))
#43 /home/altiabusinesspar/prueba.altiabusinesspark.com/vendor/laravel/framework/src/Illuminate/Foundation/Http/Middleware/TrimStrings.php(40): Illuminate\\Foundation\\Http\\Middleware\\TransformsRequest->handle(Object(Illuminate\\Http\\Request), Object(Closure))
#44 /home/altiabusinesspar/prueba.altiabusinesspark.com/vendor/laravel/framework/src/Illuminate/Pipeline/Pipeline.php(183): Illuminate\\Foundation\\Http\\Middleware\\TrimStrings->handle(Object(Illuminate\\Http\\Request), Object(Closure))
#45 /home/altiabusinesspar/prueba.altiabusinesspark.com/vendor/laravel/framework/src/Illuminate/Foundation/Http/Middleware/ValidatePostSize.php(27): Illuminate\\Pipeline\\Pipeline->Illuminate\\Pipeline\\{closure}(Object(Illuminate\\Http\\Request))
#46 /home/altiabusinesspar/prueba.altiabusinesspark.com/vendor/laravel/framework/src/Illuminate/Pipeline/Pipeline.php(183): Illuminate\\Foundation\\Http\\Middleware\\ValidatePostSize->handle(Object(Illuminate\\Http\\Request), Object(Closure))
#47 /home/altiabusinesspar/prueba.altiabusinesspark.com/vendor/laravel/framework/src/Illuminate/Foundation/Http/Middleware/PreventRequestsDuringMaintenance.php(99): Illuminate\\Pipeline\\Pipeline->Illuminate\\Pipeline\\{closure}(Object(Illuminate\\Http\\Request))
#48 /home/altiabusinesspar/prueba.altiabusinesspark.com/vendor/laravel/framework/src/Illuminate/Pipeline/Pipeline.php(183): Illuminate\\Foundation\\Http\\Middleware\\PreventRequestsDuringMaintenance->handle(Object(Illuminate\\Http\\Request), Object(Closure))
#49 /home/altiabusinesspar/prueba.altiabusinesspark.com/vendor/laravel/framework/src/Illuminate/Http/Middleware/HandleCors.php(49): Illuminate\\Pipeline\\Pipeline->Illuminate\\Pipeline\\{closure}(Object(Illuminate\\Http\\Request))
#50 /home/altiabusinesspar/prueba.altiabusinesspark.com/vendor/laravel/framework/src/Illuminate/Pipeline/Pipeline.php(183): Illuminate\\Http\\Middleware\\HandleCors->handle(Object(Illuminate\\Http\\Request), Object(Closure))
#51 /home/altiabusinesspar/prueba.altiabusinesspark.com/vendor/laravel/framework/src/Illuminate/Http/Middleware/TrustProxies.php(39): Illuminate\\Pipeline\\Pipeline->Illuminate\\Pipeline\\{closure}(Object(Illuminate\\Http\\Request))
#52 /home/altiabusinesspar/prueba.altiabusinesspark.com/vendor/laravel/framework/src/Illuminate/Pipeline/Pipeline.php(183): Illuminate\\Http\\Middleware\\TrustProxies->handle(Object(Illuminate\\Http\\Request), Object(Closure))
#53 /home/altiabusinesspar/prueba.altiabusinesspark.com/vendor/laravel/framework/src/Illuminate/Pipeline/Pipeline.php(119): Illuminate\\Pipeline\\Pipeline->Illuminate\\Pipeline\\{closure}(Object(Illuminate\\Http\\Request))
#54 /home/altiabusinesspar/prueba.altiabusinesspark.com/vendor/laravel/framework/src/Illuminate/Foundation/Http/Kernel.php(175): Illuminate\\Pipeline\\Pipeline->then(Object(Closure))
#55 /home/altiabusinesspar/prueba.altiabusinesspark.com/vendor/laravel/framework/src/Illuminate/Foundation/Http/Kernel.php(144): Illuminate\\Foundation\\Http\\Kernel->sendRequestThroughRouter(Object(Illuminate\\Http\\Request))
#56 /home/altiabusinesspar/prueba.altiabusinesspark.com/public/index.php(51): Illuminate\\Foundation\\Http\\Kernel->handle(Object(Illuminate\\Http\\Request))
#57 {main}
"} 
